<?xml version="1.0" encoding="UTF-8"?>
<testng-results ignored="0" total="1" passed="1" failed="0" skipped="0">
  <reporter-output>
  </reporter-output>
  <suite started-at="2020-12-26T12:24:48 EET" name="NewTest" finished-at="2020-12-26T12:24:48 EET" duration-ms="26">
    <groups>
    </groups>
    <test started-at="2020-12-26T12:24:48 EET" name="Command line test" finished-at="2020-12-26T12:24:48 EET" duration-ms="26">
      <class name="NewTest">
        <test-method signature="f()[pri:0, instance:NewTest@954b04f]" started-at="2020-12-26T12:24:48 EET" name="f" finished-at="2020-12-26T12:24:48 EET" duration-ms="4" status="PASS">
          <reporter-output>
          </reporter-output>
        </test-method> <!-- f -->
      </class> <!-- NewTest -->
    </test> <!-- Command line test -->
  </suite> <!-- NewTest -->
</testng-results>
